d:\work\nix2twix\code\magma\x64\debug\vc143.pdb
d:\work\nix2twix\code\magma\x64\debug\vc143.idb
d:\work\nix2twix\code\magma\x64\debug\ofb_encryption.obj
d:\work\nix2twix\code\magma\x64\debug\ecb_encryption.obj
d:\work\nix2twix\code\magma\x64\debug\ecb_decryption.obj
d:\work\nix2twix\code\magma\x64\debug\cbc_encryption.obj
d:\work\nix2twix\code\magma\x64\debug\cbc_decryption.obj
d:\work\nix2twix\code\magma\x64\debug\ofb_decryption.obj
d:\work\nix2twix\code\magma\x64\debug\magma.exe
d:\work\nix2twix\code\magma\x64\debug\magma.ilk
d:\work\nix2twix\code\magma\x64\debug\magma.pdb
d:\work\nix2twix\code\magma\x64\debug\cbc.obj
d:\work\nix2twix\code\magma\x64\debug\ecb.obj
d:\work\nix2twix\code\magma\x64\debug\magma.obj
d:\work\nix2twix\code\magma\x64\debug\magma.obj.enc
d:\work\nix2twix\code\magma\x64\debug\magma.tlog\cl.command.1.tlog
d:\work\nix2twix\code\magma\x64\debug\magma.tlog\cl.read.1.tlog
d:\work\nix2twix\code\magma\x64\debug\magma.tlog\cl.write.1.tlog
d:\work\nix2twix\code\magma\x64\debug\magma.tlog\link.command.1.tlog
d:\work\nix2twix\code\magma\x64\debug\magma.tlog\link.read.1.tlog
d:\work\nix2twix\code\magma\x64\debug\magma.tlog\link.write.1.tlog
