d:\work\code\cryptocpp\x64\debug\vc143.pdb
d:\work\code\cryptocpp\x64\debug\vc143.idb
d:\work\code\cryptocpp\x64\debug\lab4_1.obj
d:\work\code\cryptocpp\x64\debug\lab4_2.obj
d:\work\code\cryptocpp\x64\debug\lab4_3.obj
d:\work\code\cryptocpp\x64\debug\cryptocpp.obj
d:\work\code\cryptocpp\x64\debug\cryptocpp.pdb
d:\work\code\cryptocpp\x64\debug\cryptocpp.tlog\cl.command.1.tlog
d:\work\code\cryptocpp\x64\debug\cryptocpp.tlog\cl.read.1.tlog
d:\work\code\cryptocpp\x64\debug\cryptocpp.tlog\cl.write.1.tlog
d:\work\code\cryptocpp\x64\debug\cryptocpp.tlog\link.13272-cvtres.read.1.tlog
d:\work\code\cryptocpp\x64\debug\cryptocpp.tlog\link.13272-cvtres.write.1.tlog
d:\work\code\cryptocpp\x64\debug\cryptocpp.tlog\link.13272-rc.read.1.tlog
d:\work\code\cryptocpp\x64\debug\cryptocpp.tlog\link.13272-rc.write.1.tlog
d:\work\code\cryptocpp\x64\debug\cryptocpp.tlog\link.13272.read.1.tlog
d:\work\code\cryptocpp\x64\debug\cryptocpp.tlog\link.13272.read.2.tlog
d:\work\code\cryptocpp\x64\debug\cryptocpp.tlog\link.13272.write.1.tlog
d:\work\code\cryptocpp\x64\debug\cryptocpp.tlog\link.command.1.tlog
d:\work\code\cryptocpp\x64\debug\cryptocpp.tlog\link.read.1.tlog
d:\work\code\cryptocpp\x64\debug\cryptocpp.tlog\link.write.1.tlog
